<?xml version="1.0" encoding="UTF-8"?>
<testng-results ignored="0" total="1" passed="1" failed="0" skipped="0">
  <reporter-output>
  </reporter-output>
  <suite started-at="2024-11-15T21:37:42 IST" name="Suite" finished-at="2024-11-15T21:37:52 IST" duration-ms="10000">
    <groups>
      <group name="Regression">
        <method signature="AddProductToCartTest.tc_001_AddSingleProductToCartTest()[pri:0, instance:products.AddProductToCartTest@54e1c68b]" name="tc_001_AddSingleProductToCartTest" class="products.AddProductToCartTest"/>
      </group> <!-- Regression -->
      <group name="Smoke">
        <method signature="AddProductToCartTest.tc_001_AddSingleProductToCartTest()[pri:0, instance:products.AddProductToCartTest@54e1c68b]" name="tc_001_AddSingleProductToCartTest" class="products.AddProductToCartTest"/>
      </group> <!-- Smoke -->
    </groups>
    <test started-at="2024-11-15T21:37:42 IST" name="Test" finished-at="2024-11-15T21:37:52 IST" duration-ms="10000">
      <class name="products.AddProductToCartTest">
        <test-method is-config="true" signature="bsconfig()[pri:0, instance:products.AddProductToCartTest@54e1c68b]" started-at="2024-11-15T21:37:42 IST" name="bsconfig" finished-at="2024-11-15T21:37:42 IST" duration-ms="20" status="PASS">
          <reporter-output>
          </reporter-output>
        </test-method> <!-- bsconfig -->
        <test-method is-config="true" signature="bcconfig()[pri:0, instance:products.AddProductToCartTest@54e1c68b]" started-at="2024-11-15T21:37:43 IST" name="bcconfig" finished-at="2024-11-15T21:37:48 IST" duration-ms="5311" status="PASS">
          <reporter-output>
          </reporter-output>
        </test-method> <!-- bcconfig -->
        <test-method is-config="true" signature="bmconfig()[pri:0, instance:products.AddProductToCartTest@54e1c68b]" started-at="2024-11-15T21:37:48 IST" name="bmconfig" finished-at="2024-11-15T21:37:49 IST" duration-ms="1263" status="PASS">
          <reporter-output>
          </reporter-output>
        </test-method> <!-- bmconfig -->
        <test-method signature="tc_001_AddSingleProductToCartTest()[pri:0, instance:products.AddProductToCartTest@54e1c68b]" started-at="2024-11-15T21:37:49 IST" name="tc_001_AddSingleProductToCartTest" finished-at="2024-11-15T21:37:51 IST" duration-ms="1766" status="PASS">
          <reporter-output>
          </reporter-output>
        </test-method> <!-- tc_001_AddSingleProductToCartTest -->
        <test-method is-config="true" signature="amconfig()[pri:0, instance:products.AddProductToCartTest@54e1c68b]" started-at="2024-11-15T21:37:51 IST" name="amconfig" finished-at="2024-11-15T21:37:51 IST" duration-ms="243" status="PASS">
          <reporter-output>
          </reporter-output>
        </test-method> <!-- amconfig -->
        <test-method is-config="true" signature="acconfig()[pri:0, instance:products.AddProductToCartTest@54e1c68b]" started-at="2024-11-15T21:37:51 IST" name="acconfig" finished-at="2024-11-15T21:37:52 IST" duration-ms="796" status="PASS">
          <reporter-output>
          </reporter-output>
        </test-method> <!-- acconfig -->
        <test-method is-config="true" signature="asconfig()[pri:0, instance:products.AddProductToCartTest@54e1c68b]" started-at="2024-11-15T21:37:53 IST" name="asconfig" finished-at="2024-11-15T21:37:53 IST" duration-ms="3" status="PASS">
          <reporter-output>
          </reporter-output>
        </test-method> <!-- asconfig -->
      </class> <!-- products.AddProductToCartTest -->
    </test> <!-- Test -->
  </suite> <!-- Suite -->
</testng-results>
